mode: set
github.com/zeromicro/go-zero/core/stores/redis/breakerhook.go:19.63,21.2 1 1
github.com/zeromicro/go-zero/core/stores/redis/breakerhook.go:23.72,24.56 1 1
github.com/zeromicro/go-zero/core/stores/redis/breakerhook.go:24.56,25.42 1 1
github.com/zeromicro/go-zero/core/stores/redis/breakerhook.go:25.42,27.4 1 1
github.com/zeromicro/go-zero/core/stores/redis/breakerhook.go:29.3,29.54 1 1
github.com/zeromicro/go-zero/core/stores/redis/breakerhook.go:29.54,31.4 1 1
github.com/zeromicro/go-zero/core/stores/redis/breakerhook.go:35.96,36.59 1 1
github.com/zeromicro/go-zero/core/stores/redis/breakerhook.go:36.59,37.54 1 1
github.com/zeromicro/go-zero/core/stores/redis/breakerhook.go:37.54,39.4 1 1
github.com/zeromicro/go-zero/core/stores/redis/conf.go:38.39,40.28 2 1
github.com/zeromicro/go-zero/core/stores/redis/conf.go:40.28,42.3 1 1
github.com/zeromicro/go-zero/core/stores/redis/conf.go:43.2,43.22 1 1
github.com/zeromicro/go-zero/core/stores/redis/conf.go:43.22,45.3 1 1
github.com/zeromicro/go-zero/core/stores/redis/conf.go:46.2,46.12 1 1
github.com/zeromicro/go-zero/core/stores/redis/conf.go:46.12,48.3 1 1
github.com/zeromicro/go-zero/core/stores/redis/conf.go:50.2,50.35 1 1
github.com/zeromicro/go-zero/core/stores/redis/conf.go:54.38,55.23 1 1
github.com/zeromicro/go-zero/core/stores/redis/conf.go:55.23,57.3 1 1
github.com/zeromicro/go-zero/core/stores/redis/conf.go:59.2,59.23 1 1
github.com/zeromicro/go-zero/core/stores/redis/conf.go:59.23,61.3 1 1
github.com/zeromicro/go-zero/core/stores/redis/conf.go:63.2,63.12 1 1
github.com/zeromicro/go-zero/core/stores/redis/conf.go:67.42,68.49 1 1
github.com/zeromicro/go-zero/core/stores/redis/conf.go:68.49,70.3 1 1
github.com/zeromicro/go-zero/core/stores/redis/conf.go:72.2,72.23 1 1
github.com/zeromicro/go-zero/core/stores/redis/conf.go:72.23,74.3 1 1
github.com/zeromicro/go-zero/core/stores/redis/conf.go:76.2,76.12 1 1
github.com/zeromicro/go-zero/core/stores/redis/durationhook.go:33.64,35.2 1 1
github.com/zeromicro/go-zero/core/stores/redis/durationhook.go:37.73,38.56 1 1
github.com/zeromicro/go-zero/core/stores/redis/durationhook.go:38.56,47.38 6 1
github.com/zeromicro/go-zero/core/stores/redis/durationhook.go:47.38,50.4 2 1
github.com/zeromicro/go-zero/core/stores/redis/durationhook.go:52.3,53.44 2 1
github.com/zeromicro/go-zero/core/stores/redis/durationhook.go:53.44,55.4 1 1
github.com/zeromicro/go-zero/core/stores/redis/durationhook.go:57.3,57.13 1 1
github.com/zeromicro/go-zero/core/stores/redis/durationhook.go:61.97,62.59 1 1
github.com/zeromicro/go-zero/core/stores/redis/durationhook.go:62.59,63.21 1 1
github.com/zeromicro/go-zero/core/stores/redis/durationhook.go:63.21,65.4 1 1
github.com/zeromicro/go-zero/core/stores/redis/durationhook.go:67.3,74.63 6 1
github.com/zeromicro/go-zero/core/stores/redis/durationhook.go:74.63,76.4 1 1
github.com/zeromicro/go-zero/core/stores/redis/durationhook.go:78.3,79.44 2 1
github.com/zeromicro/go-zero/core/stores/redis/durationhook.go:79.44,81.4 1 1
github.com/zeromicro/go-zero/core/stores/redis/durationhook.go:83.3,83.13 1 1
github.com/zeromicro/go-zero/core/stores/redis/durationhook.go:87.108,96.27 4 1
github.com/zeromicro/go-zero/core/stores/redis/durationhook.go:96.27,98.3 1 1
github.com/zeromicro/go-zero/core/stores/redis/durationhook.go:99.2,101.30 2 1
github.com/zeromicro/go-zero/core/stores/redis/durationhook.go:101.30,104.44 2 1
github.com/zeromicro/go-zero/core/stores/redis/durationhook.go:104.44,107.4 2 1
github.com/zeromicro/go-zero/core/stores/redis/durationhook.go:109.3,110.24 2 1
github.com/zeromicro/go-zero/core/stores/redis/durationhook.go:114.36,115.43 1 1
github.com/zeromicro/go-zero/core/stores/redis/durationhook.go:115.43,117.3 1 1
github.com/zeromicro/go-zero/core/stores/redis/durationhook.go:119.2,121.27 3 1
github.com/zeromicro/go-zero/core/stores/redis/durationhook.go:121.27,123.3 1 1
github.com/zeromicro/go-zero/core/stores/redis/durationhook.go:125.2,125.9 1 1
github.com/zeromicro/go-zero/core/stores/redis/durationhook.go:126.30,127.15 1 1
github.com/zeromicro/go-zero/core/stores/redis/durationhook.go:128.48,129.28 1 1
github.com/zeromicro/go-zero/core/stores/redis/durationhook.go:130.53,131.24 1 1
github.com/zeromicro/go-zero/core/stores/redis/durationhook.go:132.10,133.28 1 1
github.com/zeromicro/go-zero/core/stores/redis/durationhook.go:137.81,139.27 2 1
github.com/zeromicro/go-zero/core/stores/redis/durationhook.go:139.27,140.12 1 1
github.com/zeromicro/go-zero/core/stores/redis/durationhook.go:140.12,142.4 1 1
github.com/zeromicro/go-zero/core/stores/redis/durationhook.go:143.3,144.34 2 1
github.com/zeromicro/go-zero/core/stores/redis/durationhook.go:144.34,145.13 1 1
github.com/zeromicro/go-zero/core/stores/redis/durationhook.go:145.13,147.5 1 1
github.com/zeromicro/go-zero/core/stores/redis/durationhook.go:148.4,148.40 1 1
github.com/zeromicro/go-zero/core/stores/redis/durationhook.go:150.3,150.34 1 1
github.com/zeromicro/go-zero/core/stores/redis/durationhook.go:152.2,152.103 1 1
github.com/zeromicro/go-zero/core/stores/redis/metrics.go:66.32,108.2 3 1
github.com/zeromicro/go-zero/core/stores/redis/metrics.go:111.61,119.2 7 1
github.com/zeromicro/go-zero/core/stores/redis/metrics.go:122.63,126.35 3 1
github.com/zeromicro/go-zero/core/stores/redis/metrics.go:126.35,179.3 9 1
github.com/zeromicro/go-zero/core/stores/redis/metrics.go:182.56,187.2 3 1
github.com/zeromicro/go-zero/core/stores/redis/redis.go:108.58,112.2 3 1
github.com/zeromicro/go-zero/core/stores/redis/redis.go:116.46,118.2 1 1
github.com/zeromicro/go-zero/core/stores/redis/redis.go:121.63,122.40 1 1
github.com/zeromicro/go-zero/core/stores/redis/redis.go:122.40,124.3 1 1
github.com/zeromicro/go-zero/core/stores/redis/redis.go:126.2,126.30 1 1
github.com/zeromicro/go-zero/core/stores/redis/redis.go:126.30,128.3 1 1
github.com/zeromicro/go-zero/core/stores/redis/redis.go:129.2,129.24 1 1
github.com/zeromicro/go-zero/core/stores/redis/redis.go:129.24,131.3 1 1
github.com/zeromicro/go-zero/core/stores/redis/redis.go:132.2,132.14 1 1
github.com/zeromicro/go-zero/core/stores/redis/redis.go:132.14,134.3 1 1
github.com/zeromicro/go-zero/core/stores/redis/redis.go:136.2,137.20 2 1
github.com/zeromicro/go-zero/core/stores/redis/redis.go:137.20,138.63 1 1
github.com/zeromicro/go-zero/core/stores/redis/redis.go:138.63,140.4 1 1
github.com/zeromicro/go-zero/core/stores/redis/redis.go:143.2,143.17 1 1
github.com/zeromicro/go-zero/core/stores/redis/redis.go:146.51,153.27 2 1
github.com/zeromicro/go-zero/core/stores/redis/redis.go:153.27,155.3 1 1
github.com/zeromicro/go-zero/core/stores/redis/redis.go:157.2,157.10 1 1
github.com/zeromicro/go-zero/core/stores/redis/redis.go:161.39,163.2 1 1
github.com/zeromicro/go-zero/core/stores/redis/redis.go:166.71,168.2 1 1
github.com/zeromicro/go-zero/core/stores/redis/redis.go:171.95,173.16 2 1
github.com/zeromicro/go-zero/core/stores/redis/redis.go:173.16,175.3 1 1
github.com/zeromicro/go-zero/core/stores/redis/redis.go:177.2,180.13 1 1
github.com/zeromicro/go-zero/core/stores/redis/redis.go:184.73,186.2 1 1
github.com/zeromicro/go-zero/core/stores/redis/redis.go:189.97,191.16 2 1
github.com/zeromicro/go-zero/core/stores/redis/redis.go:191.16,193.3 1 1
github.com/zeromicro/go-zero/core/stores/redis/redis.go:195.2,195.54 1 1
github.com/zeromicro/go-zero/core/stores/redis/redis.go:199.62,201.2 1 1
github.com/zeromicro/go-zero/core/stores/redis/redis.go:204.86,206.16 2 1
github.com/zeromicro/go-zero/core/stores/redis/redis.go:206.16,208.3 1 1
github.com/zeromicro/go-zero/core/stores/redis/redis.go:210.2,210.50 1 1
github.com/zeromicro/go-zero/core/stores/redis/redis.go:214.72,216.2 1 1
github.com/zeromicro/go-zero/core/stores/redis/redis.go:219.96,221.16 2 1
github.com/zeromicro/go-zero/core/stores/redis/redis.go:221.16,223.3 1 1
github.com/zeromicro/go-zero/core/stores/redis/redis.go:225.2,225.53 1 1
github.com/zeromicro/go-zero/core/stores/redis/redis.go:229.73,231.2 1 1
github.com/zeromicro/go-zero/core/stores/redis/redis.go:234.97,236.16 2 1
github.com/zeromicro/go-zero/core/stores/redis/redis.go:236.16,238.3 1 1
github.com/zeromicro/go-zero/core/stores/redis/redis.go:240.2,240.54 1 1
github.com/zeromicro/go-zero/core/stores/redis/redis.go:244.74,246.2 1 1
github.com/zeromicro/go-zero/core/stores/redis/redis.go:249.98,251.16 2 1
github.com/zeromicro/go-zero/core/stores/redis/redis.go:251.16,253.3 1 1
github.com/zeromicro/go-zero/core/stores/redis/redis.go:255.2,255.56 1 1
github.com/zeromicro/go-zero/core/stores/redis/redis.go:260.67,262.2 1 1
github.com/zeromicro/go-zero/core/stores/redis/redis.go:266.91,268.2 1 1
github.com/zeromicro/go-zero/core/stores/redis/redis.go:272.75,274.2 1 1
github.com/zeromicro/go-zero/core/stores/redis/redis.go:278.99,279.17 1 1
github.com/zeromicro/go-zero/core/stores/redis/redis.go:279.17,281.3 1 1
github.com/zeromicro/go-zero/core/stores/redis/redis.go:283.2,284.16 2 1
github.com/zeromicro/go-zero/core/stores/redis/redis.go:284.16,286.3 1 1
github.com/zeromicro/go-zero/core/stores/redis/redis.go:288.2,288.19 1 1
github.com/zeromicro/go-zero/core/stores/redis/redis.go:288.19,290.3 1 1
github.com/zeromicro/go-zero/core/stores/redis/redis.go:292.2,292.27 1 1
github.com/zeromicro/go-zero/core/stores/redis/redis.go:297.101,299.2 1 1
github.com/zeromicro/go-zero/core/stores/redis/redis.go:304.30,305.17 1 1
github.com/zeromicro/go-zero/core/stores/redis/redis.go:305.17,307.3 1 1
github.com/zeromicro/go-zero/core/stores/redis/redis.go:309.2,310.16 2 1
github.com/zeromicro/go-zero/core/stores/redis/redis.go:310.16,312.3 1 1
github.com/zeromicro/go-zero/core/stores/redis/redis.go:314.2,314.19 1 1
github.com/zeromicro/go-zero/core/stores/redis/redis.go:314.19,316.3 1 1
github.com/zeromicro/go-zero/core/stores/redis/redis.go:318.2,318.21 1 1
github.com/zeromicro/go-zero/core/stores/redis/redis.go:322.49,324.2 1 1
github.com/zeromicro/go-zero/core/stores/redis/redis.go:327.73,329.16 2 1
github.com/zeromicro/go-zero/core/stores/redis/redis.go:329.16,331.3 1 1
github.com/zeromicro/go-zero/core/stores/redis/redis.go:333.2,333.37 1 1
github.com/zeromicro/go-zero/core/stores/redis/redis.go:337.68,339.2 1 1
github.com/zeromicro/go-zero/core/stores/redis/redis.go:342.92,344.16 2 1
github.com/zeromicro/go-zero/core/stores/redis/redis.go:344.16,346.3 1 1
github.com/zeromicro/go-zero/core/stores/redis/redis.go:348.2,348.50 1 1
github.com/zeromicro/go-zero/core/stores/redis/redis.go:352.50,354.2 1 1
github.com/zeromicro/go-zero/core/stores/redis/redis.go:357.74,359.16 2 1
github.com/zeromicro/go-zero/core/stores/redis/redis.go:359.16,361.3 1 1
github.com/zeromicro/go-zero/core/stores/redis/redis.go:363.2,364.16 2 1
github.com/zeromicro/go-zero/core/stores/redis/redis.go:364.16,366.3 1 1
github.com/zeromicro/go-zero/core/stores/redis/redis.go:368.2,368.20 1 1
github.com/zeromicro/go-zero/core/stores/redis/redis.go:372.78,374.2 1 1
github.com/zeromicro/go-zero/core/stores/redis/redis.go:378.28,380.16 2 1
github.com/zeromicro/go-zero/core/stores/redis/redis.go:380.16,382.3 1 1
github.com/zeromicro/go-zero/core/stores/redis/redis.go:384.2,384.55 1 1
github.com/zeromicro/go-zero/core/stores/redis/redis.go:388.78,390.2 1 1
github.com/zeromicro/go-zero/core/stores/redis/redis.go:394.28,396.16 2 1
github.com/zeromicro/go-zero/core/stores/redis/redis.go:396.16,398.3 1 1
github.com/zeromicro/go-zero/core/stores/redis/redis.go:400.2,400.55 1 1
github.com/zeromicro/go-zero/core/stores/redis/redis.go:404.50,406.2 1 1
github.com/zeromicro/go-zero/core/stores/redis/redis.go:409.74,411.16 2 1
github.com/zeromicro/go-zero/core/stores/redis/redis.go:411.16,413.3 1 1
github.com/zeromicro/go-zero/core/stores/redis/redis.go:415.2,416.16 2 1
github.com/zeromicro/go-zero/core/stores/redis/redis.go:416.16,418.3 1 1
github.com/zeromicro/go-zero/core/stores/redis/redis.go:420.2,420.20 1 1
github.com/zeromicro/go-zero/core/stores/redis/redis.go:425.59,427.2 1 1
github.com/zeromicro/go-zero/core/stores/redis/redis.go:431.83,433.16 2 1
github.com/zeromicro/go-zero/core/stores/redis/redis.go:433.16,435.3 1 1
github.com/zeromicro/go-zero/core/stores/redis/redis.go:437.2,437.43 1 1
github.com/zeromicro/go-zero/core/stores/redis/redis.go:441.55,443.2 1 1
github.com/zeromicro/go-zero/core/stores/redis/redis.go:446.79,448.16 2 1
github.com/zeromicro/go-zero/core/stores/redis/redis.go:448.16,450.3 1 1
github.com/zeromicro/go-zero/core/stores/redis/redis.go:452.2,452.72 1 1
github.com/zeromicro/go-zero/core/stores/redis/redis.go:456.62,458.2 1 1
github.com/zeromicro/go-zero/core/stores/redis/redis.go:461.86,463.16 2 1
github.com/zeromicro/go-zero/core/stores/redis/redis.go:463.16,465.3 1 1
github.com/zeromicro/go-zero/core/stores/redis/redis.go:467.2,467.64 1 1
github.com/zeromicro/go-zero/core/stores/redis/redis.go:471.80,473.2 1 1
github.com/zeromicro/go-zero/core/stores/redis/redis.go:477.16,479.16 2 1
github.com/zeromicro/go-zero/core/stores/redis/redis.go:479.16,481.3 1 1
github.com/zeromicro/go-zero/core/stores/redis/redis.go:483.2,483.55 1 1
github.com/zeromicro/go-zero/core/stores/redis/redis.go:487.78,489.2 1 1
github.com/zeromicro/go-zero/core/stores/redis/redis.go:493.18,495.16 2 1
github.com/zeromicro/go-zero/core/stores/redis/redis.go:495.16,497.3 1 1
github.com/zeromicro/go-zero/core/stores/redis/redis.go:499.2,499.64 1 1
github.com/zeromicro/go-zero/core/stores/redis/redis.go:503.74,505.2 1 1
github.com/zeromicro/go-zero/core/stores/redis/redis.go:509.19,511.16 2 1
github.com/zeromicro/go-zero/core/stores/redis/redis.go:511.16,513.3 1 1
github.com/zeromicro/go-zero/core/stores/redis/redis.go:515.2,515.52 1 1
github.com/zeromicro/go-zero/core/stores/redis/redis.go:520.24,522.2 1 1
github.com/zeromicro/go-zero/core/stores/redis/redis.go:526.48,528.16 2 1
github.com/zeromicro/go-zero/core/stores/redis/redis.go:528.16,530.3 1 1
github.com/zeromicro/go-zero/core/stores/redis/redis.go:532.2,532.70 1 1
github.com/zeromicro/go-zero/core/stores/redis/redis.go:536.101,538.2 1 1
github.com/zeromicro/go-zero/core/stores/redis/redis.go:542.48,544.16 2 1
github.com/zeromicro/go-zero/core/stores/redis/redis.go:544.16,546.3 1 1
github.com/zeromicro/go-zero/core/stores/redis/redis.go:548.2,548.65 1 1
github.com/zeromicro/go-zero/core/stores/redis/redis.go:552.74,554.2 1 1
github.com/zeromicro/go-zero/core/stores/redis/redis.go:558.20,560.16 2 1
github.com/zeromicro/go-zero/core/stores/redis/redis.go:560.16,562.3 1 1
github.com/zeromicro/go-zero/core/stores/redis/redis.go:564.2,564.51 1 1
github.com/zeromicro/go-zero/core/stores/redis/redis.go:568.49,570.2 1 1
github.com/zeromicro/go-zero/core/stores/redis/redis.go:573.73,575.16 2 1
github.com/zeromicro/go-zero/core/stores/redis/redis.go:575.16,577.3 1 1
github.com/zeromicro/go-zero/core/stores/redis/redis.go:579.2,579.70 1 1
github.com/zeromicro/go-zero/core/stores/redis/redis.go:579.70,581.3 1 1
github.com/zeromicro/go-zero/core/stores/redis/redis.go:581.8,581.23 1 1
github.com/zeromicro/go-zero/core/stores/redis/redis.go:581.23,583.3 1 1
github.com/zeromicro/go-zero/core/stores/redis/redis.go:583.8,585.3 1 1
github.com/zeromicro/go-zero/core/stores/redis/redis.go:589.63,591.2 1 1
github.com/zeromicro/go-zero/core/stores/redis/redis.go:594.87,596.16 2 1
github.com/zeromicro/go-zero/core/stores/redis/redis.go:596.16,598.3 1 1
github.com/zeromicro/go-zero/core/stores/redis/redis.go:600.2,601.16 2 1
github.com/zeromicro/go-zero/core/stores/redis/redis.go:601.16,603.3 1 1
github.com/zeromicro/go-zero/core/stores/redis/redis.go:605.2,605.20 1 1
github.com/zeromicro/go-zero/core/stores/redis/redis.go:609.59,611.2 1 1
github.com/zeromicro/go-zero/core/stores/redis/redis.go:614.83,616.16 2 1
github.com/zeromicro/go-zero/core/stores/redis/redis.go:616.16,618.3 1 1
github.com/zeromicro/go-zero/core/stores/redis/redis.go:620.2,621.29 2 1
github.com/zeromicro/go-zero/core/stores/redis/redis.go:621.29,623.3 1 1
github.com/zeromicro/go-zero/core/stores/redis/redis.go:625.2,625.17 1 1
github.com/zeromicro/go-zero/core/stores/redis/redis.go:629.66,631.2 1 1
github.com/zeromicro/go-zero/core/stores/redis/redis.go:634.90,636.16 2 1
github.com/zeromicro/go-zero/core/stores/redis/redis.go:636.16,638.3 1 1
github.com/zeromicro/go-zero/core/stores/redis/redis.go:640.2,641.16 2 1
github.com/zeromicro/go-zero/core/stores/redis/redis.go:641.16,643.3 1 1
github.com/zeromicro/go-zero/core/stores/redis/redis.go:645.2,645.20 1 1
github.com/zeromicro/go-zero/core/stores/redis/redis.go:649.58,651.2 1 1
github.com/zeromicro/go-zero/core/stores/redis/redis.go:654.82,656.16 2 1
github.com/zeromicro/go-zero/core/stores/redis/redis.go:656.16,658.3 1 1
github.com/zeromicro/go-zero/core/stores/redis/redis.go:660.2,660.47 1 1
github.com/zeromicro/go-zero/core/stores/redis/redis.go:664.57,666.2 1 1
github.com/zeromicro/go-zero/core/stores/redis/redis.go:669.81,671.16 2 1
github.com/zeromicro/go-zero/core/stores/redis/redis.go:671.16,673.3 1 1
github.com/zeromicro/go-zero/core/stores/redis/redis.go:675.2,675.44 1 1
github.com/zeromicro/go-zero/core/stores/redis/redis.go:679.64,681.2 1 1
github.com/zeromicro/go-zero/core/stores/redis/redis.go:684.88,686.16 2 1
github.com/zeromicro/go-zero/core/stores/redis/redis.go:686.16,688.3 1 1
github.com/zeromicro/go-zero/core/stores/redis/redis.go:690.2,690.40 1 1
github.com/zeromicro/go-zero/core/stores/redis/redis.go:694.72,696.2 1 1
github.com/zeromicro/go-zero/core/stores/redis/redis.go:699.96,701.16 2 1
github.com/zeromicro/go-zero/core/stores/redis/redis.go:701.16,703.3 1 1
github.com/zeromicro/go-zero/core/stores/redis/redis.go:705.2,706.16 2 1
github.com/zeromicro/go-zero/core/stores/redis/redis.go:706.16,708.3 1 1
github.com/zeromicro/go-zero/core/stores/redis/redis.go:710.2,710.20 1 1
github.com/zeromicro/go-zero/core/stores/redis/redis.go:714.85,716.2 1 1
github.com/zeromicro/go-zero/core/stores/redis/redis.go:720.18,722.16 2 1
github.com/zeromicro/go-zero/core/stores/redis/redis.go:722.16,724.3 1 1
github.com/zeromicro/go-zero/core/stores/redis/redis.go:726.2,726.63 1 1
github.com/zeromicro/go-zero/core/stores/redis/redis.go:730.53,732.2 1 1
github.com/zeromicro/go-zero/core/stores/redis/redis.go:735.77,737.16 2 1
github.com/zeromicro/go-zero/core/stores/redis/redis.go:737.16,739.3 1 1
github.com/zeromicro/go-zero/core/stores/redis/redis.go:741.2,741.38 1 1
github.com/zeromicro/go-zero/core/stores/redis/redis.go:745.47,747.2 1 1
github.com/zeromicro/go-zero/core/stores/redis/redis.go:750.71,752.16 2 1
github.com/zeromicro/go-zero/core/stores/redis/redis.go:752.16,754.3 1 1
github.com/zeromicro/go-zero/core/stores/redis/redis.go:756.2,757.16 2 1
github.com/zeromicro/go-zero/core/stores/redis/redis.go:757.16,759.3 1 1
github.com/zeromicro/go-zero/core/stores/redis/redis.go:761.2,761.20 1 1
github.com/zeromicro/go-zero/core/stores/redis/redis.go:765.71,767.2 1 1
github.com/zeromicro/go-zero/core/stores/redis/redis.go:770.95,772.16 2 1
github.com/zeromicro/go-zero/core/stores/redis/redis.go:772.16,774.3 1 1
github.com/zeromicro/go-zero/core/stores/redis/redis.go:776.2,777.16 2 1
github.com/zeromicro/go-zero/core/stores/redis/redis.go:777.16,779.3 1 1
github.com/zeromicro/go-zero/core/stores/redis/redis.go:781.2,781.26 1 1
github.com/zeromicro/go-zero/core/stores/redis/redis.go:785.54,787.2 1 1
github.com/zeromicro/go-zero/core/stores/redis/redis.go:790.78,792.16 2 1
github.com/zeromicro/go-zero/core/stores/redis/redis.go:792.16,794.3 1 1
github.com/zeromicro/go-zero/core/stores/redis/redis.go:796.2,796.48 1 1
github.com/zeromicro/go-zero/core/stores/redis/redis.go:800.64,802.2 1 1
github.com/zeromicro/go-zero/core/stores/redis/redis.go:805.88,807.16 2 1
github.com/zeromicro/go-zero/core/stores/redis/redis.go:807.16,809.3 1 1
github.com/zeromicro/go-zero/core/stores/redis/redis.go:811.2,811.53 1 1
github.com/zeromicro/go-zero/core/stores/redis/redis.go:815.76,817.2 1 1
github.com/zeromicro/go-zero/core/stores/redis/redis.go:820.100,822.16 2 1
github.com/zeromicro/go-zero/core/stores/redis/redis.go:822.16,824.3 1 1
github.com/zeromicro/go-zero/core/stores/redis/redis.go:826.2,827.36 2 1
github.com/zeromicro/go-zero/core/stores/redis/redis.go:827.36,829.3 1 1
github.com/zeromicro/go-zero/core/stores/redis/redis.go:831.2,831.41 1 1
github.com/zeromicro/go-zero/core/stores/redis/redis.go:836.27,838.2 1 1
github.com/zeromicro/go-zero/core/stores/redis/redis.go:842.27,844.16 2 1
github.com/zeromicro/go-zero/core/stores/redis/redis.go:844.16,846.3 1 1
github.com/zeromicro/go-zero/core/stores/redis/redis.go:848.2,848.60 1 1
github.com/zeromicro/go-zero/core/stores/redis/redis.go:852.53,854.2 1 1
github.com/zeromicro/go-zero/core/stores/redis/redis.go:857.77,859.16 2 1
github.com/zeromicro/go-zero/core/stores/redis/redis.go:859.16,861.3 1 1
github.com/zeromicro/go-zero/core/stores/redis/redis.go:863.2,863.38 1 1
github.com/zeromicro/go-zero/core/stores/redis/redis.go:867.49,869.2 1 1
github.com/zeromicro/go-zero/core/stores/redis/redis.go:872.73,874.16 2 1
github.com/zeromicro/go-zero/core/stores/redis/redis.go:874.16,876.3 1 1
github.com/zeromicro/go-zero/core/stores/redis/redis.go:878.2,878.37 1 1
github.com/zeromicro/go-zero/core/stores/redis/redis.go:882.68,884.2 1 1
github.com/zeromicro/go-zero/core/stores/redis/redis.go:887.92,889.16 2 1
github.com/zeromicro/go-zero/core/stores/redis/redis.go:889.16,891.3 1 1
github.com/zeromicro/go-zero/core/stores/redis/redis.go:893.2,893.50 1 1
github.com/zeromicro/go-zero/core/stores/redis/redis.go:897.77,899.2 1 1
github.com/zeromicro/go-zero/core/stores/redis/redis.go:902.101,904.16 2 1
github.com/zeromicro/go-zero/core/stores/redis/redis.go:904.16,906.3 1 1
github.com/zeromicro/go-zero/core/stores/redis/redis.go:908.2,908.55 1 1
github.com/zeromicro/go-zero/core/stores/redis/redis.go:912.56,914.2 1 1
github.com/zeromicro/go-zero/core/stores/redis/redis.go:917.80,919.16 2 1
github.com/zeromicro/go-zero/core/stores/redis/redis.go:919.16,921.3 1 1
github.com/zeromicro/go-zero/core/stores/redis/redis.go:923.2,923.41 1 1
github.com/zeromicro/go-zero/core/stores/redis/redis.go:927.47,929.2 1 1
github.com/zeromicro/go-zero/core/stores/redis/redis.go:932.71,934.16 2 1
github.com/zeromicro/go-zero/core/stores/redis/redis.go:934.16,936.3 1 1
github.com/zeromicro/go-zero/core/stores/redis/redis.go:938.2,939.16 2 1
github.com/zeromicro/go-zero/core/stores/redis/redis.go:939.16,941.3 1 1
github.com/zeromicro/go-zero/core/stores/redis/redis.go:943.2,943.20 1 1
github.com/zeromicro/go-zero/core/stores/redis/redis.go:947.65,949.2 1 1
github.com/zeromicro/go-zero/core/stores/redis/redis.go:952.89,954.16 2 1
github.com/zeromicro/go-zero/core/stores/redis/redis.go:954.16,956.3 1 1
github.com/zeromicro/go-zero/core/stores/redis/redis.go:958.2,958.46 1 1
github.com/zeromicro/go-zero/core/stores/redis/redis.go:962.50,964.2 1 1
github.com/zeromicro/go-zero/core/stores/redis/redis.go:967.74,969.16 2 1
github.com/zeromicro/go-zero/core/stores/redis/redis.go:969.16,971.3 1 1
github.com/zeromicro/go-zero/core/stores/redis/redis.go:973.2,973.37 1 1
github.com/zeromicro/go-zero/core/stores/redis/redis.go:977.68,979.2 1 1
github.com/zeromicro/go-zero/core/stores/redis/redis.go:982.92,984.16 2 1
github.com/zeromicro/go-zero/core/stores/redis/redis.go:984.16,986.3 1 1
github.com/zeromicro/go-zero/core/stores/redis/redis.go:988.2,988.49 1 1
github.com/zeromicro/go-zero/core/stores/redis/redis.go:992.63,994.2 1 1
github.com/zeromicro/go-zero/core/stores/redis/redis.go:997.87,999.16 2 1
github.com/zeromicro/go-zero/core/stores/redis/redis.go:999.16,1001.3 1 1
github.com/zeromicro/go-zero/core/stores/redis/redis.go:1003.2,1004.16 2 1
github.com/zeromicro/go-zero/core/stores/redis/redis.go:1004.16,1006.3 1 1
github.com/zeromicro/go-zero/core/stores/redis/redis.go:1008.2,1008.20 1 1
github.com/zeromicro/go-zero/core/stores/redis/redis.go:1012.71,1014.2 1 1
github.com/zeromicro/go-zero/core/stores/redis/redis.go:1017.95,1019.16 2 1
github.com/zeromicro/go-zero/core/stores/redis/redis.go:1019.16,1021.3 1 1
github.com/zeromicro/go-zero/core/stores/redis/redis.go:1023.2,1023.66 1 1
github.com/zeromicro/go-zero/core/stores/redis/redis.go:1027.72,1029.2 1 1
github.com/zeromicro/go-zero/core/stores/redis/redis.go:1032.96,1034.16 2 1
github.com/zeromicro/go-zero/core/stores/redis/redis.go:1034.16,1036.3 1 1
github.com/zeromicro/go-zero/core/stores/redis/redis.go:1038.2,1039.16 2 1
github.com/zeromicro/go-zero/core/stores/redis/redis.go:1039.16,1041.3 1 1
github.com/zeromicro/go-zero/core/stores/redis/redis.go:1043.2,1043.20 1 1
github.com/zeromicro/go-zero/core/stores/redis/redis.go:1047.60,1049.2 1 1
github.com/zeromicro/go-zero/core/stores/redis/redis.go:1052.84,1054.16 2 1
github.com/zeromicro/go-zero/core/stores/redis/redis.go:1054.16,1056.3 1 1
github.com/zeromicro/go-zero/core/stores/redis/redis.go:1058.2,1058.48 1 1
github.com/zeromicro/go-zero/core/stores/redis/redis.go:1062.56,1064.2 1 1
github.com/zeromicro/go-zero/core/stores/redis/redis.go:1067.80,1069.16 2 1
github.com/zeromicro/go-zero/core/stores/redis/redis.go:1069.16,1071.3 1 1
github.com/zeromicro/go-zero/core/stores/redis/redis.go:1073.2,1074.16 2 1
github.com/zeromicro/go-zero/core/stores/redis/redis.go:1074.16,1076.3 1 1
github.com/zeromicro/go-zero/core/stores/redis/redis.go:1078.2,1078.26 1 1
github.com/zeromicro/go-zero/core/stores/redis/redis.go:1082.62,1084.2 1 1
github.com/zeromicro/go-zero/core/stores/redis/redis.go:1087.86,1089.16 2 1
github.com/zeromicro/go-zero/core/stores/redis/redis.go:1089.16,1091.3 1 1
github.com/zeromicro/go-zero/core/stores/redis/redis.go:1093.2,1093.52 1 1
github.com/zeromicro/go-zero/core/stores/redis/redis.go:1097.51,1099.2 1 1
github.com/zeromicro/go-zero/core/stores/redis/redis.go:1102.75,1104.16 2 1
github.com/zeromicro/go-zero/core/stores/redis/redis.go:1104.16,1106.3 1 1
github.com/zeromicro/go-zero/core/stores/redis/redis.go:1108.2,1108.40 1 1
github.com/zeromicro/go-zero/core/stores/redis/redis.go:1112.64,1114.2 1 1
github.com/zeromicro/go-zero/core/stores/redis/redis.go:1117.88,1119.16 2 1
github.com/zeromicro/go-zero/core/stores/redis/redis.go:1119.16,1121.3 1 1
github.com/zeromicro/go-zero/core/stores/redis/redis.go:1123.2,1124.16 2 1
github.com/zeromicro/go-zero/core/stores/redis/redis.go:1124.16,1126.3 1 1
github.com/zeromicro/go-zero/core/stores/redis/redis.go:1128.2,1128.20 1 1
github.com/zeromicro/go-zero/core/stores/redis/redis.go:1132.52,1134.2 1 1
github.com/zeromicro/go-zero/core/stores/redis/redis.go:1137.76,1139.16 2 1
github.com/zeromicro/go-zero/core/stores/redis/redis.go:1139.16,1141.3 1 1
github.com/zeromicro/go-zero/core/stores/redis/redis.go:1143.2,1143.40 1 1
github.com/zeromicro/go-zero/core/stores/redis/redis.go:1147.60,1149.2 1 1
github.com/zeromicro/go-zero/core/stores/redis/redis.go:1152.84,1154.16 2 1
github.com/zeromicro/go-zero/core/stores/redis/redis.go:1154.16,1156.3 1 1
github.com/zeromicro/go-zero/core/stores/redis/redis.go:1158.2,1159.12 2 1
github.com/zeromicro/go-zero/core/stores/redis/redis.go:1163.29,1165.2 1 1
github.com/zeromicro/go-zero/core/stores/redis/redis.go:1168.51,1171.16 2 1
github.com/zeromicro/go-zero/core/stores/redis/redis.go:1171.16,1173.3 1 1
github.com/zeromicro/go-zero/core/stores/redis/redis.go:1175.2,1176.16 2 1
github.com/zeromicro/go-zero/core/stores/redis/redis.go:1176.16,1178.3 1 0
github.com/zeromicro/go-zero/core/stores/redis/redis.go:1180.2,1180.20 1 1
github.com/zeromicro/go-zero/core/stores/redis/redis.go:1184.59,1186.2 1 1
github.com/zeromicro/go-zero/core/stores/redis/redis.go:1190.83,1192.16 2 1
github.com/zeromicro/go-zero/core/stores/redis/redis.go:1192.16,1194.3 1 1
github.com/zeromicro/go-zero/core/stores/redis/redis.go:1196.2,1197.12 2 1
github.com/zeromicro/go-zero/core/stores/redis/redis.go:1200.77,1202.2 1 1
github.com/zeromicro/go-zero/core/stores/redis/redis.go:1204.101,1206.16 2 1
github.com/zeromicro/go-zero/core/stores/redis/redis.go:1206.16,1208.3 1 1
github.com/zeromicro/go-zero/core/stores/redis/redis.go:1209.2,1209.53 1 1
github.com/zeromicro/go-zero/core/stores/redis/redis.go:1213.50,1215.2 1 1
github.com/zeromicro/go-zero/core/stores/redis/redis.go:1218.74,1220.16 2 1
github.com/zeromicro/go-zero/core/stores/redis/redis.go:1220.16,1222.3 1 1
github.com/zeromicro/go-zero/core/stores/redis/redis.go:1224.2,1224.37 1 1
github.com/zeromicro/go-zero/core/stores/redis/redis.go:1228.68,1230.2 1 1
github.com/zeromicro/go-zero/core/stores/redis/redis.go:1233.92,1235.16 2 1
github.com/zeromicro/go-zero/core/stores/redis/redis.go:1235.16,1237.3 1 1
github.com/zeromicro/go-zero/core/stores/redis/redis.go:1239.2,1239.49 1 1
github.com/zeromicro/go-zero/core/stores/redis/redis.go:1243.63,1245.2 1 1
github.com/zeromicro/go-zero/core/stores/redis/redis.go:1248.87,1250.16 2 1
github.com/zeromicro/go-zero/core/stores/redis/redis.go:1250.16,1252.3 1 1
github.com/zeromicro/go-zero/core/stores/redis/redis.go:1254.2,1255.16 2 1
github.com/zeromicro/go-zero/core/stores/redis/redis.go:1255.16,1257.3 1 1
github.com/zeromicro/go-zero/core/stores/redis/redis.go:1259.2,1259.20 1 1
github.com/zeromicro/go-zero/core/stores/redis/redis.go:1262.78,1264.2 1 1
github.com/zeromicro/go-zero/core/stores/redis/redis.go:1266.102,1268.16 2 1
github.com/zeromicro/go-zero/core/stores/redis/redis.go:1268.16,1270.3 1 1
github.com/zeromicro/go-zero/core/stores/redis/redis.go:1271.2,1271.58 1 1
github.com/zeromicro/go-zero/core/stores/redis/redis.go:1275.62,1277.2 1 1
github.com/zeromicro/go-zero/core/stores/redis/redis.go:1280.86,1282.16 2 1
github.com/zeromicro/go-zero/core/stores/redis/redis.go:1282.16,1284.3 1 1
github.com/zeromicro/go-zero/core/stores/redis/redis.go:1286.2,1287.16 2 1
github.com/zeromicro/go-zero/core/stores/redis/redis.go:1287.16,1289.3 1 1
github.com/zeromicro/go-zero/core/stores/redis/redis.go:1291.2,1291.20 1 1
github.com/zeromicro/go-zero/core/stores/redis/redis.go:1295.90,1297.2 1 1
github.com/zeromicro/go-zero/core/stores/redis/redis.go:1301.27,1303.16 2 1
github.com/zeromicro/go-zero/core/stores/redis/redis.go:1303.16,1305.3 1 1
github.com/zeromicro/go-zero/core/stores/redis/redis.go:1307.2,1307.54 1 1
github.com/zeromicro/go-zero/core/stores/redis/redis.go:1311.74,1313.2 1 1
github.com/zeromicro/go-zero/core/stores/redis/redis.go:1316.98,1318.16 2 1
github.com/zeromicro/go-zero/core/stores/redis/redis.go:1318.16,1320.3 1 1
github.com/zeromicro/go-zero/core/stores/redis/redis.go:1322.2,1323.16 2 1
github.com/zeromicro/go-zero/core/stores/redis/redis.go:1323.16,1325.3 1 1
github.com/zeromicro/go-zero/core/stores/redis/redis.go:1327.2,1327.20 1 1
github.com/zeromicro/go-zero/core/stores/redis/redis.go:1332.27,1334.2 1 1
github.com/zeromicro/go-zero/core/stores/redis/redis.go:1338.27,1340.16 2 1
github.com/zeromicro/go-zero/core/stores/redis/redis.go:1340.16,1342.3 1 1
github.com/zeromicro/go-zero/core/stores/redis/redis.go:1344.2,1344.60 1 1
github.com/zeromicro/go-zero/core/stores/redis/redis.go:1348.50,1350.2 1 1
github.com/zeromicro/go-zero/core/stores/redis/redis.go:1353.74,1355.16 2 1
github.com/zeromicro/go-zero/core/stores/redis/redis.go:1355.16,1357.3 1 1
github.com/zeromicro/go-zero/core/stores/redis/redis.go:1359.2,1359.38 1 1
github.com/zeromicro/go-zero/core/stores/redis/redis.go:1363.59,1365.2 1 1
github.com/zeromicro/go-zero/core/stores/redis/redis.go:1368.83,1370.16 2 1
github.com/zeromicro/go-zero/core/stores/redis/redis.go:1370.16,1372.3 1 1
github.com/zeromicro/go-zero/core/stores/redis/redis.go:1374.2,1374.46 1 1
github.com/zeromicro/go-zero/core/stores/redis/redis.go:1378.84,1380.2 1 1
github.com/zeromicro/go-zero/core/stores/redis/redis.go:1384.28,1386.16 2 1
github.com/zeromicro/go-zero/core/stores/redis/redis.go:1386.16,1388.3 1 1
github.com/zeromicro/go-zero/core/stores/redis/redis.go:1390.2,1390.54 1 1
github.com/zeromicro/go-zero/core/stores/redis/redis.go:1394.46,1396.2 1 1
github.com/zeromicro/go-zero/core/stores/redis/redis.go:1399.70,1401.16 2 1
github.com/zeromicro/go-zero/core/stores/redis/redis.go:1401.16,1403.3 1 1
github.com/zeromicro/go-zero/core/stores/redis/redis.go:1405.2,1405.43 1 1
github.com/zeromicro/go-zero/core/stores/redis/redis.go:1409.61,1411.2 1 1
github.com/zeromicro/go-zero/core/stores/redis/redis.go:1414.85,1416.16 2 1
github.com/zeromicro/go-zero/core/stores/redis/redis.go:1416.16,1418.3 1 1
github.com/zeromicro/go-zero/core/stores/redis/redis.go:1420.2,1420.76 1 1
github.com/zeromicro/go-zero/core/stores/redis/redis.go:1424.56,1426.2 1 1
github.com/zeromicro/go-zero/core/stores/redis/redis.go:1429.80,1431.16 2 1
github.com/zeromicro/go-zero/core/stores/redis/redis.go:1431.16,1433.3 1 1
github.com/zeromicro/go-zero/core/stores/redis/redis.go:1435.2,1435.48 1 1
github.com/zeromicro/go-zero/core/stores/redis/redis.go:1439.71,1441.2 1 1
github.com/zeromicro/go-zero/core/stores/redis/redis.go:1444.95,1446.16 2 1
github.com/zeromicro/go-zero/core/stores/redis/redis.go:1446.16,1448.3 1 1
github.com/zeromicro/go-zero/core/stores/redis/redis.go:1450.2,1450.81 1 1
github.com/zeromicro/go-zero/core/stores/redis/redis.go:1454.64,1456.2 1 1
github.com/zeromicro/go-zero/core/stores/redis/redis.go:1459.88,1461.16 2 1
github.com/zeromicro/go-zero/core/stores/redis/redis.go:1461.16,1463.3 1 1
github.com/zeromicro/go-zero/core/stores/redis/redis.go:1465.2,1465.49 1 1
github.com/zeromicro/go-zero/core/stores/redis/redis.go:1469.56,1471.2 1 1
github.com/zeromicro/go-zero/core/stores/redis/redis.go:1474.80,1476.16 2 1
github.com/zeromicro/go-zero/core/stores/redis/redis.go:1476.16,1478.3 1 1
github.com/zeromicro/go-zero/core/stores/redis/redis.go:1480.2,1480.41 1 1
github.com/zeromicro/go-zero/core/stores/redis/redis.go:1484.50,1486.2 1 1
github.com/zeromicro/go-zero/core/stores/redis/redis.go:1489.74,1491.16 2 1
github.com/zeromicro/go-zero/core/stores/redis/redis.go:1491.16,1493.3 1 1
github.com/zeromicro/go-zero/core/stores/redis/redis.go:1495.2,1495.37 1 1
github.com/zeromicro/go-zero/core/stores/redis/redis.go:1499.70,1501.2 1 1
github.com/zeromicro/go-zero/core/stores/redis/redis.go:1504.94,1506.16 2 1
github.com/zeromicro/go-zero/core/stores/redis/redis.go:1506.16,1508.3 1 1
github.com/zeromicro/go-zero/core/stores/redis/redis.go:1510.2,1510.59 1 1
github.com/zeromicro/go-zero/core/stores/redis/redis.go:1514.62,1516.2 1 1
github.com/zeromicro/go-zero/core/stores/redis/redis.go:1519.86,1521.16 2 1
github.com/zeromicro/go-zero/core/stores/redis/redis.go:1521.16,1523.3 1 1
github.com/zeromicro/go-zero/core/stores/redis/redis.go:1525.2,1526.16 2 1
github.com/zeromicro/go-zero/core/stores/redis/redis.go:1526.16,1528.3 1 1
github.com/zeromicro/go-zero/core/stores/redis/redis.go:1530.2,1530.20 1 1
github.com/zeromicro/go-zero/core/stores/redis/redis.go:1534.33,1536.2 1 1
github.com/zeromicro/go-zero/core/stores/redis/redis.go:1539.58,1541.2 1 1
github.com/zeromicro/go-zero/core/stores/redis/redis.go:1544.82,1546.16 2 1
github.com/zeromicro/go-zero/core/stores/redis/redis.go:1546.16,1548.3 1 1
github.com/zeromicro/go-zero/core/stores/redis/redis.go:1550.2,1550.43 1 1
github.com/zeromicro/go-zero/core/stores/redis/redis.go:1554.78,1556.2 1 1
github.com/zeromicro/go-zero/core/stores/redis/redis.go:1560.14,1562.16 2 1
github.com/zeromicro/go-zero/core/stores/redis/redis.go:1562.16,1564.3 1 1
github.com/zeromicro/go-zero/core/stores/redis/redis.go:1566.2,1567.16 2 1
github.com/zeromicro/go-zero/core/stores/redis/redis.go:1567.16,1569.3 1 1
github.com/zeromicro/go-zero/core/stores/redis/redis.go:1571.2,1571.20 1 1
github.com/zeromicro/go-zero/core/stores/redis/redis.go:1575.57,1577.2 1 1
github.com/zeromicro/go-zero/core/stores/redis/redis.go:1580.81,1582.16 2 1
github.com/zeromicro/go-zero/core/stores/redis/redis.go:1582.16,1584.3 1 1
github.com/zeromicro/go-zero/core/stores/redis/redis.go:1586.2,1586.42 1 1
github.com/zeromicro/go-zero/core/stores/redis/redis.go:1590.77,1592.2 1 1
github.com/zeromicro/go-zero/core/stores/redis/redis.go:1596.14,1598.16 2 1
github.com/zeromicro/go-zero/core/stores/redis/redis.go:1598.16,1600.3 1 1
github.com/zeromicro/go-zero/core/stores/redis/redis.go:1602.2,1603.16 2 1
github.com/zeromicro/go-zero/core/stores/redis/redis.go:1603.16,1605.3 1 1
github.com/zeromicro/go-zero/core/stores/redis/redis.go:1607.2,1607.20 1 1
github.com/zeromicro/go-zero/core/stores/redis/redis.go:1611.58,1613.2 1 1
github.com/zeromicro/go-zero/core/stores/redis/redis.go:1616.82,1618.16 2 1
github.com/zeromicro/go-zero/core/stores/redis/redis.go:1618.16,1620.3 1 1
github.com/zeromicro/go-zero/core/stores/redis/redis.go:1622.2,1622.43 1 1
github.com/zeromicro/go-zero/core/stores/redis/redis.go:1626.78,1628.2 1 1
github.com/zeromicro/go-zero/core/stores/redis/redis.go:1632.14,1634.16 2 1
github.com/zeromicro/go-zero/core/stores/redis/redis.go:1634.16,1636.3 1 1
github.com/zeromicro/go-zero/core/stores/redis/redis.go:1638.2,1639.16 2 1
github.com/zeromicro/go-zero/core/stores/redis/redis.go:1639.16,1641.3 1 1
github.com/zeromicro/go-zero/core/stores/redis/redis.go:1643.2,1643.20 1 1
github.com/zeromicro/go-zero/core/stores/redis/redis.go:1647.46,1649.2 1 1
github.com/zeromicro/go-zero/core/stores/redis/redis.go:1652.70,1654.16 2 1
github.com/zeromicro/go-zero/core/stores/redis/redis.go:1654.16,1656.3 1 1
github.com/zeromicro/go-zero/core/stores/redis/redis.go:1658.2,1659.16 2 1
github.com/zeromicro/go-zero/core/stores/redis/redis.go:1659.16,1661.3 1 1
github.com/zeromicro/go-zero/core/stores/redis/redis.go:1663.2,1663.19 1 1
github.com/zeromicro/go-zero/core/stores/redis/redis.go:1663.19,1665.3 1 1
github.com/zeromicro/go-zero/core/stores/redis/redis.go:1669.2,1669.27 1 1
github.com/zeromicro/go-zero/core/stores/redis/redis.go:1672.58,1674.16 2 1
github.com/zeromicro/go-zero/core/stores/redis/redis.go:1674.16,1676.3 1 1
github.com/zeromicro/go-zero/core/stores/redis/redis.go:1677.2,1677.31 1 1
github.com/zeromicro/go-zero/core/stores/redis/redis.go:1680.55,1682.2 1 1
github.com/zeromicro/go-zero/core/stores/redis/redis.go:1684.79,1686.16 2 1
github.com/zeromicro/go-zero/core/stores/redis/redis.go:1686.16,1688.3 1 1
github.com/zeromicro/go-zero/core/stores/redis/redis.go:1689.2,1689.43 1 1
github.com/zeromicro/go-zero/core/stores/redis/redis.go:1693.75,1695.2 1 1
github.com/zeromicro/go-zero/core/stores/redis/redis.go:1698.99,1700.2 1 1
github.com/zeromicro/go-zero/core/stores/redis/redis.go:1703.82,1705.2 1 1
github.com/zeromicro/go-zero/core/stores/redis/redis.go:1709.15,1711.16 2 1
github.com/zeromicro/go-zero/core/stores/redis/redis.go:1711.16,1713.3 1 1
github.com/zeromicro/go-zero/core/stores/redis/redis.go:1715.2,1719.16 2 1
github.com/zeromicro/go-zero/core/stores/redis/redis.go:1719.16,1721.3 1 1
github.com/zeromicro/go-zero/core/stores/redis/redis.go:1723.2,1723.20 1 1
github.com/zeromicro/go-zero/core/stores/redis/redis.go:1727.77,1729.2 1 1
github.com/zeromicro/go-zero/core/stores/redis/redis.go:1732.101,1734.2 1 1
github.com/zeromicro/go-zero/core/stores/redis/redis.go:1737.84,1739.2 1 1
github.com/zeromicro/go-zero/core/stores/redis/redis.go:1743.15,1745.16 2 1
github.com/zeromicro/go-zero/core/stores/redis/redis.go:1745.16,1747.3 1 1
github.com/zeromicro/go-zero/core/stores/redis/redis.go:1749.2,1753.16 2 1
github.com/zeromicro/go-zero/core/stores/redis/redis.go:1753.16,1755.3 1 1
github.com/zeromicro/go-zero/core/stores/redis/redis.go:1757.2,1757.20 1 1
github.com/zeromicro/go-zero/core/stores/redis/redis.go:1761.62,1763.2 1 1
github.com/zeromicro/go-zero/core/stores/redis/redis.go:1766.86,1768.16 2 1
github.com/zeromicro/go-zero/core/stores/redis/redis.go:1768.16,1770.3 1 1
github.com/zeromicro/go-zero/core/stores/redis/redis.go:1772.2,1773.23 2 1
github.com/zeromicro/go-zero/core/stores/redis/redis.go:1773.23,1776.3 2 1
github.com/zeromicro/go-zero/core/stores/redis/redis.go:1778.2,1778.44 1 1
github.com/zeromicro/go-zero/core/stores/redis/redis.go:1782.48,1784.2 1 1
github.com/zeromicro/go-zero/core/stores/redis/redis.go:1787.72,1789.16 2 1
github.com/zeromicro/go-zero/core/stores/redis/redis.go:1789.16,1791.3 1 1
github.com/zeromicro/go-zero/core/stores/redis/redis.go:1793.2,1794.16 2 1
github.com/zeromicro/go-zero/core/stores/redis/redis.go:1794.16,1796.3 1 1
github.com/zeromicro/go-zero/core/stores/redis/redis.go:1798.2,1798.20 1 1
github.com/zeromicro/go-zero/core/stores/redis/redis.go:1802.68,1804.2 1 1
github.com/zeromicro/go-zero/core/stores/redis/redis.go:1807.92,1809.16 2 1
github.com/zeromicro/go-zero/core/stores/redis/redis.go:1809.16,1811.3 1 1
github.com/zeromicro/go-zero/core/stores/redis/redis.go:1813.2,1815.16 2 1
github.com/zeromicro/go-zero/core/stores/redis/redis.go:1815.16,1817.3 1 1
github.com/zeromicro/go-zero/core/stores/redis/redis.go:1819.2,1819.20 1 1
github.com/zeromicro/go-zero/core/stores/redis/redis.go:1823.83,1825.2 1 1
github.com/zeromicro/go-zero/core/stores/redis/redis.go:1829.16,1831.16 2 1
github.com/zeromicro/go-zero/core/stores/redis/redis.go:1831.16,1833.3 1 1
github.com/zeromicro/go-zero/core/stores/redis/redis.go:1835.2,1836.16 2 1
github.com/zeromicro/go-zero/core/stores/redis/redis.go:1836.16,1838.3 1 1
github.com/zeromicro/go-zero/core/stores/redis/redis.go:1840.2,1840.22 1 1
github.com/zeromicro/go-zero/core/stores/redis/redis.go:1844.58,1846.2 1 1
github.com/zeromicro/go-zero/core/stores/redis/redis.go:1849.82,1851.16 2 1
github.com/zeromicro/go-zero/core/stores/redis/redis.go:1851.16,1853.3 1 1
github.com/zeromicro/go-zero/core/stores/redis/redis.go:1855.2,1856.16 2 1
github.com/zeromicro/go-zero/core/stores/redis/redis.go:1856.16,1858.3 1 1
github.com/zeromicro/go-zero/core/stores/redis/redis.go:1860.2,1860.22 1 1
github.com/zeromicro/go-zero/core/stores/redis/redis.go:1864.67,1866.2 1 1
github.com/zeromicro/go-zero/core/stores/redis/redis.go:1869.91,1871.16 2 1
github.com/zeromicro/go-zero/core/stores/redis/redis.go:1871.16,1873.3 1 1
github.com/zeromicro/go-zero/core/stores/redis/redis.go:1875.2,1875.46 1 1
github.com/zeromicro/go-zero/core/stores/redis/redis.go:1880.27,1882.2 1 1
github.com/zeromicro/go-zero/core/stores/redis/redis.go:1886.27,1888.16 2 1
github.com/zeromicro/go-zero/core/stores/redis/redis.go:1888.16,1890.3 1 1
github.com/zeromicro/go-zero/core/stores/redis/redis.go:1892.2,1892.60 1 1
github.com/zeromicro/go-zero/core/stores/redis/redis.go:1896.57,1898.2 1 1
github.com/zeromicro/go-zero/core/stores/redis/redis.go:1901.81,1903.16 2 1
github.com/zeromicro/go-zero/core/stores/redis/redis.go:1903.16,1905.3 1 1
github.com/zeromicro/go-zero/core/stores/redis/redis.go:1907.2,1907.45 1 1
github.com/zeromicro/go-zero/core/stores/redis/redis.go:1911.62,1913.2 1 1
github.com/zeromicro/go-zero/core/stores/redis/redis.go:1916.86,1918.16 2 1
github.com/zeromicro/go-zero/core/stores/redis/redis.go:1918.16,1920.3 1 1
github.com/zeromicro/go-zero/core/stores/redis/redis.go:1922.2,1923.16 2 1
github.com/zeromicro/go-zero/core/stores/redis/redis.go:1923.16,1925.3 1 1
github.com/zeromicro/go-zero/core/stores/redis/redis.go:1927.2,1927.20 1 1
github.com/zeromicro/go-zero/core/stores/redis/redis.go:1931.78,1933.2 1 1
github.com/zeromicro/go-zero/core/stores/redis/redis.go:1937.14,1939.16 2 1
github.com/zeromicro/go-zero/core/stores/redis/redis.go:1939.16,1941.3 1 1
github.com/zeromicro/go-zero/core/stores/redis/redis.go:1943.2,1945.16 2 1
github.com/zeromicro/go-zero/core/stores/redis/redis.go:1945.16,1947.3 1 1
github.com/zeromicro/go-zero/core/stores/redis/redis.go:1949.2,1949.20 1 1
github.com/zeromicro/go-zero/core/stores/redis/redis.go:1953.77,1955.2 1 1
github.com/zeromicro/go-zero/core/stores/redis/redis.go:1959.14,1961.16 2 1
github.com/zeromicro/go-zero/core/stores/redis/redis.go:1961.16,1963.3 1 1
github.com/zeromicro/go-zero/core/stores/redis/redis.go:1965.2,1966.16 2 1
github.com/zeromicro/go-zero/core/stores/redis/redis.go:1966.16,1968.3 1 1
github.com/zeromicro/go-zero/core/stores/redis/redis.go:1970.2,1970.20 1 1
github.com/zeromicro/go-zero/core/stores/redis/redis.go:1974.73,1976.2 1 1
github.com/zeromicro/go-zero/core/stores/redis/redis.go:1980.19,1982.16 2 1
github.com/zeromicro/go-zero/core/stores/redis/redis.go:1982.16,1984.3 1 1
github.com/zeromicro/go-zero/core/stores/redis/redis.go:1986.2,1986.52 1 1
github.com/zeromicro/go-zero/core/stores/redis/redis.go:1990.81,1992.2 1 1
github.com/zeromicro/go-zero/core/stores/redis/redis.go:1996.17,1998.16 2 1
github.com/zeromicro/go-zero/core/stores/redis/redis.go:1998.16,2000.3 1 1
github.com/zeromicro/go-zero/core/stores/redis/redis.go:2002.2,2003.16 2 1
github.com/zeromicro/go-zero/core/stores/redis/redis.go:2003.16,2005.3 1 1
github.com/zeromicro/go-zero/core/stores/redis/redis.go:2007.2,2007.24 1 1
github.com/zeromicro/go-zero/core/stores/redis/redis.go:2011.93,2013.2 1 1
github.com/zeromicro/go-zero/core/stores/redis/redis.go:2017.22,2019.16 2 1
github.com/zeromicro/go-zero/core/stores/redis/redis.go:2019.16,2021.3 1 1
github.com/zeromicro/go-zero/core/stores/redis/redis.go:2023.2,2024.16 2 1
github.com/zeromicro/go-zero/core/stores/redis/redis.go:2024.16,2026.3 1 1
github.com/zeromicro/go-zero/core/stores/redis/redis.go:2028.2,2028.29 1 1
github.com/zeromicro/go-zero/core/stores/redis/redis.go:2033.84,2035.2 1 1
github.com/zeromicro/go-zero/core/stores/redis/redis.go:2038.84,2040.2 1 1
github.com/zeromicro/go-zero/core/stores/redis/redis.go:2045.17,2047.2 1 1
github.com/zeromicro/go-zero/core/stores/redis/redis.go:2051.17,2053.16 2 1
github.com/zeromicro/go-zero/core/stores/redis/redis.go:2053.16,2055.3 1 1
github.com/zeromicro/go-zero/core/stores/redis/redis.go:2057.2,2058.16 2 1
github.com/zeromicro/go-zero/core/stores/redis/redis.go:2058.16,2060.3 1 1
github.com/zeromicro/go-zero/core/stores/redis/redis.go:2062.2,2062.24 1 1
github.com/zeromicro/go-zero/core/stores/redis/redis.go:2067.96,2069.2 1 1
github.com/zeromicro/go-zero/core/stores/redis/redis.go:2072.96,2074.2 1 1
github.com/zeromicro/go-zero/core/stores/redis/redis.go:2079.22,2081.2 1 1
github.com/zeromicro/go-zero/core/stores/redis/redis.go:2085.22,2087.16 2 1
github.com/zeromicro/go-zero/core/stores/redis/redis.go:2087.16,2089.3 1 1
github.com/zeromicro/go-zero/core/stores/redis/redis.go:2091.2,2092.16 2 1
github.com/zeromicro/go-zero/core/stores/redis/redis.go:2092.16,2094.3 1 1
github.com/zeromicro/go-zero/core/stores/redis/redis.go:2096.2,2096.29 1 1
github.com/zeromicro/go-zero/core/stores/redis/redis.go:2100.88,2102.2 1 1
github.com/zeromicro/go-zero/core/stores/redis/redis.go:2106.17,2108.16 2 1
github.com/zeromicro/go-zero/core/stores/redis/redis.go:2108.16,2110.3 1 1
github.com/zeromicro/go-zero/core/stores/redis/redis.go:2112.2,2116.16 2 1
github.com/zeromicro/go-zero/core/stores/redis/redis.go:2116.16,2118.3 1 1
github.com/zeromicro/go-zero/core/stores/redis/redis.go:2120.2,2120.24 1 1
github.com/zeromicro/go-zero/core/stores/redis/redis.go:2125.22,2127.2 1 1
github.com/zeromicro/go-zero/core/stores/redis/redis.go:2131.22,2133.16 2 1
github.com/zeromicro/go-zero/core/stores/redis/redis.go:2133.16,2135.3 1 1
github.com/zeromicro/go-zero/core/stores/redis/redis.go:2137.2,2141.16 2 1
github.com/zeromicro/go-zero/core/stores/redis/redis.go:2141.16,2143.3 1 1
github.com/zeromicro/go-zero/core/stores/redis/redis.go:2145.2,2145.29 1 1
github.com/zeromicro/go-zero/core/stores/redis/redis.go:2151.34,2153.2 1 1
github.com/zeromicro/go-zero/core/stores/redis/redis.go:2158.46,2159.15 1 1
github.com/zeromicro/go-zero/core/stores/redis/redis.go:2159.15,2161.3 1 1
github.com/zeromicro/go-zero/core/stores/redis/redis.go:2163.2,2164.16 2 1
github.com/zeromicro/go-zero/core/stores/redis/redis.go:2164.16,2166.3 1 1
github.com/zeromicro/go-zero/core/stores/redis/redis.go:2168.2,2174.16 2 1
github.com/zeromicro/go-zero/core/stores/redis/redis.go:2174.16,2176.3 1 1
github.com/zeromicro/go-zero/core/stores/redis/redis.go:2178.2,2178.24 1 1
github.com/zeromicro/go-zero/core/stores/redis/redis.go:2184.39,2187.2 1 1
github.com/zeromicro/go-zero/core/stores/redis/redis.go:2192.53,2193.15 1 1
github.com/zeromicro/go-zero/core/stores/redis/redis.go:2193.15,2195.3 1 1
github.com/zeromicro/go-zero/core/stores/redis/redis.go:2197.2,2198.16 2 1
github.com/zeromicro/go-zero/core/stores/redis/redis.go:2198.16,2200.3 1 1
github.com/zeromicro/go-zero/core/stores/redis/redis.go:2202.2,2208.16 2 1
github.com/zeromicro/go-zero/core/stores/redis/redis.go:2208.16,2210.3 1 1
github.com/zeromicro/go-zero/core/stores/redis/redis.go:2212.2,2212.29 1 1
github.com/zeromicro/go-zero/core/stores/redis/redis.go:2216.76,2218.2 1 1
github.com/zeromicro/go-zero/core/stores/redis/redis.go:2222.19,2224.16 2 1
github.com/zeromicro/go-zero/core/stores/redis/redis.go:2224.16,2226.3 1 1
github.com/zeromicro/go-zero/core/stores/redis/redis.go:2228.2,2228.55 1 1
github.com/zeromicro/go-zero/core/stores/redis/redis.go:2232.91,2234.2 1 1
github.com/zeromicro/go-zero/core/stores/redis/redis.go:2238.17,2240.16 2 1
github.com/zeromicro/go-zero/core/stores/redis/redis.go:2240.16,2242.3 1 1
github.com/zeromicro/go-zero/core/stores/redis/redis.go:2244.2,2248.16 2 1
github.com/zeromicro/go-zero/core/stores/redis/redis.go:2248.16,2250.3 1 1
github.com/zeromicro/go-zero/core/stores/redis/redis.go:2252.2,2252.24 1 1
github.com/zeromicro/go-zero/core/stores/redis/redis.go:2257.22,2259.2 1 1
github.com/zeromicro/go-zero/core/stores/redis/redis.go:2263.44,2265.16 2 1
github.com/zeromicro/go-zero/core/stores/redis/redis.go:2265.16,2267.3 1 1
github.com/zeromicro/go-zero/core/stores/redis/redis.go:2269.2,2273.16 2 1
github.com/zeromicro/go-zero/core/stores/redis/redis.go:2273.16,2275.3 1 1
github.com/zeromicro/go-zero/core/stores/redis/redis.go:2277.2,2277.29 1 1
github.com/zeromicro/go-zero/core/stores/redis/redis.go:2283.34,2286.2 1 1
github.com/zeromicro/go-zero/core/stores/redis/redis.go:2291.53,2292.15 1 1
github.com/zeromicro/go-zero/core/stores/redis/redis.go:2292.15,2294.3 1 1
github.com/zeromicro/go-zero/core/stores/redis/redis.go:2296.2,2297.16 2 1
github.com/zeromicro/go-zero/core/stores/redis/redis.go:2297.16,2299.3 1 1
github.com/zeromicro/go-zero/core/stores/redis/redis.go:2301.2,2307.16 2 1
github.com/zeromicro/go-zero/core/stores/redis/redis.go:2307.16,2309.3 1 1
github.com/zeromicro/go-zero/core/stores/redis/redis.go:2311.2,2311.24 1 1
github.com/zeromicro/go-zero/core/stores/redis/redis.go:2317.39,2320.2 1 1
github.com/zeromicro/go-zero/core/stores/redis/redis.go:2325.60,2326.15 1 1
github.com/zeromicro/go-zero/core/stores/redis/redis.go:2326.15,2328.3 1 1
github.com/zeromicro/go-zero/core/stores/redis/redis.go:2330.2,2331.16 2 1
github.com/zeromicro/go-zero/core/stores/redis/redis.go:2331.16,2333.3 1 1
github.com/zeromicro/go-zero/core/stores/redis/redis.go:2335.2,2341.16 2 1
github.com/zeromicro/go-zero/core/stores/redis/redis.go:2341.16,2343.3 1 1
github.com/zeromicro/go-zero/core/stores/redis/redis.go:2345.2,2345.29 1 1
github.com/zeromicro/go-zero/core/stores/redis/redis.go:2349.60,2351.2 1 1
github.com/zeromicro/go-zero/core/stores/redis/redis.go:2354.84,2356.16 2 1
github.com/zeromicro/go-zero/core/stores/redis/redis.go:2356.16,2358.3 1 1
github.com/zeromicro/go-zero/core/stores/redis/redis.go:2360.2,2360.48 1 1
github.com/zeromicro/go-zero/core/stores/redis/redis.go:2364.72,2366.2 1 1
github.com/zeromicro/go-zero/core/stores/redis/redis.go:2370.16,2372.16 2 1
github.com/zeromicro/go-zero/core/stores/redis/redis.go:2372.16,2374.3 1 1
github.com/zeromicro/go-zero/core/stores/redis/redis.go:2376.2,2376.52 1 1
github.com/zeromicro/go-zero/core/stores/redis/redis.go:2379.66,2381.16 2 1
github.com/zeromicro/go-zero/core/stores/redis/redis.go:2381.16,2383.3 1 1
github.com/zeromicro/go-zero/core/stores/redis/redis.go:2385.2,2386.21 2 1
github.com/zeromicro/go-zero/core/stores/redis/redis.go:2386.21,2388.3 1 1
github.com/zeromicro/go-zero/core/stores/redis/redis.go:2390.2,2393.29 3 1
github.com/zeromicro/go-zero/core/stores/redis/redis.go:2397.23,2398.24 1 1
github.com/zeromicro/go-zero/core/stores/redis/redis.go:2398.24,2400.3 1 1
github.com/zeromicro/go-zero/core/stores/redis/redis.go:2404.48,2406.2 1 1
github.com/zeromicro/go-zero/core/stores/redis/redis.go:2409.35,2410.24 1 1
github.com/zeromicro/go-zero/core/stores/redis/redis.go:2410.24,2412.3 1 1
github.com/zeromicro/go-zero/core/stores/redis/redis.go:2416.23,2417.24 1 1
github.com/zeromicro/go-zero/core/stores/redis/redis.go:2417.24,2419.3 1 1
github.com/zeromicro/go-zero/core/stores/redis/redis.go:2424.33,2425.24 1 1
github.com/zeromicro/go-zero/core/stores/redis/redis.go:2425.24,2427.3 1 1
github.com/zeromicro/go-zero/core/stores/redis/redis.go:2430.33,2432.2 1 1
github.com/zeromicro/go-zero/core/stores/redis/redis.go:2434.44,2435.16 1 1
github.com/zeromicro/go-zero/core/stores/redis/redis.go:2436.19,2437.23 1 1
github.com/zeromicro/go-zero/core/stores/redis/redis.go:2438.16,2439.22 1 1
github.com/zeromicro/go-zero/core/stores/redis/redis.go:2440.10,2441.69 1 1
github.com/zeromicro/go-zero/core/stores/redis/redis.go:2445.35,2447.27 2 1
github.com/zeromicro/go-zero/core/stores/redis/redis.go:2447.27,2448.38 1 1
github.com/zeromicro/go-zero/core/stores/redis/redis.go:2449.15,2453.5 1 1
github.com/zeromicro/go-zero/core/stores/redis/redis.go:2454.11,2458.5 1 1
github.com/zeromicro/go-zero/core/stores/redis/redis.go:2461.2,2461.14 1 1
github.com/zeromicro/go-zero/core/stores/redis/redis.go:2464.45,2467.27 2 1
github.com/zeromicro/go-zero/core/stores/redis/redis.go:2467.27,2468.38 1 1
github.com/zeromicro/go-zero/core/stores/redis/redis.go:2469.15,2473.5 1 1
github.com/zeromicro/go-zero/core/stores/redis/redis.go:2474.11,2478.5 1 1
github.com/zeromicro/go-zero/core/stores/redis/redis.go:2482.2,2482.14 1 1
github.com/zeromicro/go-zero/core/stores/redis/redis.go:2485.37,2488.27 2 1
github.com/zeromicro/go-zero/core/stores/redis/redis.go:2488.27,2489.17 1 1
github.com/zeromicro/go-zero/core/stores/redis/redis.go:2489.17,2491.12 2 1
github.com/zeromicro/go-zero/core/stores/redis/redis.go:2494.3,2494.28 1 1
github.com/zeromicro/go-zero/core/stores/redis/redis.go:2495.15,2496.16 1 1
github.com/zeromicro/go-zero/core/stores/redis/redis.go:2497.11,2498.30 1 1
github.com/zeromicro/go-zero/core/stores/redis/redis.go:2502.2,2502.12 1 1
github.com/zeromicro/go-zero/core/stores/redis/redisblockingnode.go:17.57,20.16 2 1
github.com/zeromicro/go-zero/core/stores/redis/redisblockingnode.go:21.16,31.36 2 1
github.com/zeromicro/go-zero/core/stores/redis/redisblockingnode.go:32.19,41.37 2 1
github.com/zeromicro/go-zero/core/stores/redis/redisblockingnode.go:42.10,43.59 1 1
github.com/zeromicro/go-zero/core/stores/redis/redisblockingnode.go:57.37,58.46 1 1
github.com/zeromicro/go-zero/core/stores/redis/redisblockingnode.go:58.46,60.3 1 1
github.com/zeromicro/go-zero/core/stores/redis/redisblockingnode.go:63.38,64.53 1 1
github.com/zeromicro/go-zero/core/stores/redis/redisblockingnode.go:64.53,66.3 1 0
github.com/zeromicro/go-zero/core/stores/redis/redisclientmanager.go:24.47,25.74 1 1
github.com/zeromicro/go-zero/core/stores/redis/redisclientmanager.go:25.74,27.12 2 1
github.com/zeromicro/go-zero/core/stores/redis/redisclientmanager.go:27.12,31.4 1 1
github.com/zeromicro/go-zero/core/stores/redis/redisclientmanager.go:32.3,44.30 3 1
github.com/zeromicro/go-zero/core/stores/redis/redisclientmanager.go:44.30,46.4 1 1
github.com/zeromicro/go-zero/core/stores/redis/redisclientmanager.go:48.3,52.37 1 1
github.com/zeromicro/go-zero/core/stores/redis/redisclientmanager.go:52.37,54.5 1 1
github.com/zeromicro/go-zero/core/stores/redis/redisclientmanager.go:57.3,57.20 1 1
github.com/zeromicro/go-zero/core/stores/redis/redisclientmanager.go:59.2,59.16 1 1
github.com/zeromicro/go-zero/core/stores/redis/redisclientmanager.go:59.16,61.3 1 0
github.com/zeromicro/go-zero/core/stores/redis/redisclientmanager.go:63.2,63.31 1 1
github.com/zeromicro/go-zero/core/stores/redis/redisclustermanager.go:21.55,22.75 1 1
github.com/zeromicro/go-zero/core/stores/redis/redisclustermanager.go:22.75,24.12 2 1
github.com/zeromicro/go-zero/core/stores/redis/redisclustermanager.go:24.12,28.4 1 1
github.com/zeromicro/go-zero/core/stores/redis/redisclustermanager.go:29.3,40.30 3 1
github.com/zeromicro/go-zero/core/stores/redis/redisclustermanager.go:40.30,42.4 1 1
github.com/zeromicro/go-zero/core/stores/redis/redisclustermanager.go:44.3,48.37 1 1
github.com/zeromicro/go-zero/core/stores/redis/redisclustermanager.go:48.37,50.5 1 0
github.com/zeromicro/go-zero/core/stores/redis/redisclustermanager.go:53.3,53.20 1 1
github.com/zeromicro/go-zero/core/stores/redis/redisclustermanager.go:55.2,55.16 1 1
github.com/zeromicro/go-zero/core/stores/redis/redisclustermanager.go:55.16,57.3 1 0
github.com/zeromicro/go-zero/core/stores/redis/redisclustermanager.go:59.2,59.38 1 1
github.com/zeromicro/go-zero/core/stores/redis/redisclustermanager.go:62.46,65.29 3 1
github.com/zeromicro/go-zero/core/stores/redis/redisclustermanager.go:65.29,67.3 1 1
github.com/zeromicro/go-zero/core/stores/redis/redisclustermanager.go:69.2,70.24 2 1
github.com/zeromicro/go-zero/core/stores/redis/redisclustermanager.go:70.24,72.3 1 1
github.com/zeromicro/go-zero/core/stores/redis/redisclustermanager.go:74.2,74.14 1 1
github.com/zeromicro/go-zero/core/stores/redis/redislock.go:41.13,43.2 1 1
github.com/zeromicro/go-zero/core/stores/redis/redislock.go:46.56,52.2 1 1
github.com/zeromicro/go-zero/core/stores/redis/redislock.go:55.46,57.2 1 1
github.com/zeromicro/go-zero/core/stores/redis/redislock.go:60.68,65.29 3 1
github.com/zeromicro/go-zero/core/stores/redis/redislock.go:65.29,67.3 1 1
github.com/zeromicro/go-zero/core/stores/redis/redislock.go:67.8,67.23 1 1
github.com/zeromicro/go-zero/core/stores/redis/redislock.go:67.23,70.3 2 1
github.com/zeromicro/go-zero/core/stores/redis/redislock.go:70.8,70.24 1 1
github.com/zeromicro/go-zero/core/stores/redis/redislock.go:70.24,72.3 1 0
github.com/zeromicro/go-zero/core/stores/redis/redislock.go:74.2,75.25 2 1
github.com/zeromicro/go-zero/core/stores/redis/redislock.go:75.25,77.3 1 1
github.com/zeromicro/go-zero/core/stores/redis/redislock.go:79.2,80.19 2 0
github.com/zeromicro/go-zero/core/stores/redis/redislock.go:84.46,86.2 1 1
github.com/zeromicro/go-zero/core/stores/redis/redislock.go:89.68,91.16 2 1
github.com/zeromicro/go-zero/core/stores/redis/redislock.go:91.16,93.3 1 1
github.com/zeromicro/go-zero/core/stores/redis/redislock.go:95.2,96.9 2 1
github.com/zeromicro/go-zero/core/stores/redis/redislock.go:96.9,98.3 1 0
github.com/zeromicro/go-zero/core/stores/redis/redislock.go:100.2,100.24 1 1
github.com/zeromicro/go-zero/core/stores/redis/redislock.go:104.45,106.2 1 1
github.com/zeromicro/go-zero/core/stores/redis/scriptcache.go:25.36,26.17 1 1
github.com/zeromicro/go-zero/core/stores/redis/scriptcache.go:26.17,29.3 2 1
github.com/zeromicro/go-zero/core/stores/redis/scriptcache.go:31.2,31.17 1 1
github.com/zeromicro/go-zero/core/stores/redis/scriptcache.go:35.61,39.2 3 1
github.com/zeromicro/go-zero/core/stores/redis/scriptcache.go:42.51,48.26 5 1
github.com/zeromicro/go-zero/core/stores/redis/scriptcache.go:48.26,50.3 1 1
github.com/zeromicro/go-zero/core/stores/redis/scriptcache.go:51.2,52.20 2 1
